[2017-09-03 09:45:42.313] [DEBUG] default - Time: 2017-09-03T01:45:42.311Z
[2017-09-03 15:11:45.648] [DEBUG] default - Time: 2017-09-03T07:11:45.647Z
[2017-09-03 15:15:27.035] [DEBUG] default - Time: 2017-09-03T07:15:27.034Z
[2017-09-03 15:15:50.404] [DEBUG] default - Time: 2017-09-03T07:15:50.403Z
[2017-09-03 15:16:48.623] [DEBUG] default - Time: 2017-09-03T07:16:48.622Z
[2017-09-03 15:17:53.548] [DEBUG] default - Time: 2017-09-03T07:17:53.548Z
[2017-09-03 15:22:37.391] [DEBUG] default - Time: 2017-09-03T07:22:37.390Z
[2017-09-03 15:22:45.626] [DEBUG] default - Time: 2017-09-03T07:22:45.625Z
[2017-09-03 15:23:07.776] [DEBUG] default - Time: 2017-09-03T07:23:07.776Z
[2017-09-03 15:24:45.821] [DEBUG] default - Time: 2017-09-03T07:24:45.820Z
[2017-09-03 15:24:53.727] [DEBUG] default - Time: 2017-09-03T07:24:53.727Z
[2017-09-03 15:27:50.282] [DEBUG] default - Time: 2017-09-03T07:27:50.282Z
[2017-09-03 15:28:03.425] [INFO] default - 找到货物  潮牌开口笑系列经典款纯色帆布舒适百搭系带帆布鞋1Q698
[2017-09-03 15:28:03.426] [INFO] default - 所有物品检索完毕
[2017-09-03 15:28:03.426] [INFO] default - 潮牌开口笑系列经典款纯色帆布舒适百搭系带帆布鞋1Q698 's 价格发生改变
[2017-09-03 15:29:03.695] [INFO] default - 找到货物  潮牌开口笑系列经典款纯色帆布舒适百搭系带帆布鞋1Q698
[2017-09-03 15:29:03.696] [INFO] default - 所有物品检索完毕
[2017-09-03 15:29:03.696] [INFO] default - 潮牌开口笑系列经典款纯色帆布舒适百搭系带帆布鞋1Q698 's 价格发生改变
[2017-09-03 15:30:03.375] [INFO] default - 找到货物  潮牌开口笑系列经典款纯色帆布舒适百搭系带帆布鞋1Q698
[2017-09-03 15:30:03.376] [INFO] default - 所有物品检索完毕
[2017-09-03 15:30:03.376] [INFO] default - 潮牌开口笑系列经典款纯色帆布舒适百搭系带帆布鞋1Q698 's 价格发生改变
[2017-09-03 15:31:03.302] [INFO] default - 找到货物  潮牌开口笑系列经典款纯色帆布舒适百搭系带帆布鞋1Q698
[2017-09-03 15:31:03.303] [INFO] default - 所有物品检索完毕
[2017-09-03 15:31:03.306] [INFO] default - 潮牌开口笑系列经典款纯色帆布舒适百搭系带帆布鞋1Q698 's 价格发生改变
[2017-09-03 15:32:03.341] [INFO] default - 找到货物  潮牌开口笑系列经典款纯色帆布舒适百搭系带帆布鞋1Q698
[2017-09-03 15:32:03.343] [INFO] default - 所有物品检索完毕
[2017-09-03 15:32:03.343] [INFO] default - 潮牌开口笑系列经典款纯色帆布舒适百搭系带帆布鞋1Q698 's 价格发生改变
[2017-09-03 15:32:21.362] [DEBUG] default - Time: 2017-09-03T07:32:21.361Z
[2017-09-03 15:33:06.085] [DEBUG] default - Time: 2017-09-03T07:33:06.084Z
[2017-09-03 15:34:03.450] [INFO] default - 找到货物  潮牌开口笑系列经典款纯色帆布舒适百搭系带帆布鞋1Q698
[2017-09-03 15:34:03.451] [INFO] default - 所有物品检索完毕
[2017-09-03 15:34:03.451] [INFO] default - 潮牌开口笑系列经典款纯色帆布舒适百搭系带帆布鞋1Q698 价格发生改变,原价 ￥279, 现价 ￥279
[2017-09-03 15:35:03.444] [INFO] default - 找到货物  潮牌开口笑系列经典款纯色帆布舒适百搭系带帆布鞋1Q698
[2017-09-03 15:35:03.444] [INFO] default - 所有物品检索完毕
[2017-09-03 15:35:03.445] [INFO] default - 潮牌开口笑系列经典款纯色帆布舒适百搭系带帆布鞋1Q698 价格发生改变,原价 ￥279, 现价 ￥279
[2017-09-03 15:35:35.538] [DEBUG] default - Time: 2017-09-03T07:35:35.538Z
[2017-09-03 15:36:03.477] [INFO] default - 找到货物  潮牌开口笑系列经典款纯色帆布舒适百搭系带帆布鞋1Q698
[2017-09-03 15:36:03.478] [INFO] default - 所有物品检索完毕
[2017-09-03 15:36:03.478] [INFO] default - 潮牌开口笑系列经典款纯色帆布舒适百搭系带帆布鞋1Q698 价格发生改变,原价 ￥279, 现价 ￥279
[2017-09-03 15:36:32.601] [DEBUG] default - Time: 2017-09-03T07:36:32.601Z
[2017-09-03 15:37:03.459] [INFO] default - 找到货物  潮牌开口笑系列经典款纯色帆布舒适百搭系带帆布鞋1Q698
[2017-09-03 15:37:03.460] [INFO] default - 所有物品检索完毕
[2017-09-03 15:37:03.460] [INFO] default - 潮牌开口笑系列经典款纯色帆布舒适百搭系带帆布鞋1Q698 价格发生改变,原价 ￥279, 现价 ￥349
[2017-09-03 15:38:03.424] [INFO] default - 找到货物  潮牌开口笑系列经典款纯色帆布舒适百搭系带帆布鞋1Q698
[2017-09-03 15:38:03.425] [INFO] default - 所有物品检索完毕
[2017-09-03 15:38:03.425] [INFO] default - 潮牌开口笑系列经典款纯色帆布舒适百搭系带帆布鞋1Q698 价格发生改变,原价 ￥279, 现价 ￥349
[2017-09-03 15:39:03.378] [INFO] default - 找到货物  潮牌开口笑系列经典款纯色帆布舒适百搭系带帆布鞋1Q698
[2017-09-03 15:39:03.378] [INFO] default - 所有物品检索完毕
[2017-09-03 15:39:03.378] [INFO] default - 潮牌开口笑系列经典款纯色帆布舒适百搭系带帆布鞋1Q698 价格发生改变,原价 ￥279, 现价 ￥349
[2017-09-03 15:40:03.428] [INFO] default - 找到货物  潮牌开口笑系列经典款纯色帆布舒适百搭系带帆布鞋1Q698
[2017-09-03 15:40:03.429] [INFO] default - 所有物品检索完毕
[2017-09-03 15:40:03.429] [INFO] default - 潮牌开口笑系列经典款纯色帆布舒适百搭系带帆布鞋1Q698 价格发生改变,原价 ￥279, 现价 ￥349
[2017-09-03 15:46:31.302] [DEBUG] default - Time: 2017-09-03T07:46:31.301Z
[2017-09-03 15:47:04.989] [DEBUG] default - Time: 2017-09-03T07:47:04.989Z
[2017-09-03 15:48:02.564] [DEBUG] default - Time: 2017-09-03T07:48:02.564Z
[2017-09-03 15:48:03.465] [INFO] default - 找到货物  潮牌开口笑系列经典款纯色帆布舒适百搭系带帆布鞋1Q698
[2017-09-03 15:48:03.465] [INFO] default - 所有物品检索完毕
[2017-09-03 15:48:03.466] [INFO] default - 潮牌开口笑系列经典款纯色帆布舒适百搭系带帆布鞋1Q698 价格发生改变,原价 ￥279, 现价 ￥349
[2017-09-03 15:49:03.401] [INFO] default - 找到货物  潮牌开口笑系列经典款纯色帆布舒适百搭系带帆布鞋1Q698
[2017-09-03 15:49:03.402] [INFO] default - 所有物品检索完毕
[2017-09-03 15:49:03.402] [INFO] default - 潮牌开口笑系列经典款纯色帆布舒适百搭系带帆布鞋1Q698 价格发生改变,原价 ￥279, 现价 ￥349
[2017-09-03 15:50:03.384] [INFO] default - 找到货物  潮牌开口笑系列经典款纯色帆布舒适百搭系带帆布鞋1Q698
[2017-09-03 15:50:03.385] [INFO] default - 所有物品检索完毕
[2017-09-03 15:50:03.385] [INFO] default - 潮牌开口笑系列经典款纯色帆布舒适百搭系带帆布鞋1Q698 价格发生改变,原价 ￥279, 现价 ￥349
